<?xml version="1.0" encoding="UTF-8"?>
<!-- Generated by org.testng.reporters.JUnitReportReporter -->
<testsuite hostname="SKOTAPAT" failures="0" tests="1" name="com.persistent.register.ui.tests.TestClass" time="39.221" errors="0" timestamp="2023-01-16T00:50:57 IST" skipped="0">
  <testcase classname="com.persistent.register.ui.tests.TestClass" name="verify" time="39.221"/>
  <system-out/>
</testsuite> <!-- com.persistent.register.ui.tests.TestClass -->
