<?xml version="1.0" encoding="UTF-8"?>
<!-- Generated by org.testng.reporters.JUnitReportReporter -->
<testsuite hostname="SKOTAPAT" failures="0" tests="3" name="com.persistent.xyzbank.ui.tests.XYZBankTests" time="54.608" errors="0" timestamp="2023-03-01T13:56:42 IST" skipped="0">
  <testcase classname="com.persistent.xyzbank.ui.tests.XYZBankTests" name="customerLogin" time="25.668"/>
  <system-out/>
  <testcase classname="com.persistent.xyzbank.ui.tests.XYZBankTests" name="addCustomers" time="8.533"/>
  <system-out/>
  <testcase classname="com.persistent.xyzbank.ui.tests.XYZBankTests" name="deleteAccount" time="20.407"/>
  <system-out/>
</testsuite> <!-- com.persistent.xyzbank.ui.tests.XYZBankTests -->
